2025-10-02 14:32:35,538 - sqlalchemy.engine.Engine - INFO - select pg_catalog.version()
2025-10-02 14:32:35,539 - sqlalchemy.engine.Engine - INFO - [raw sql] ()
2025-10-02 14:32:35,543 - sqlalchemy.engine.Engine - INFO - select current_schema()
2025-10-02 14:32:35,543 - sqlalchemy.engine.Engine - INFO - [raw sql] ()
2025-10-02 14:32:35,546 - sqlalchemy.engine.Engine - INFO - show standard_conforming_strings
2025-10-02 14:32:35,546 - sqlalchemy.engine.Engine - INFO - [raw sql] ()
2025-10-02 14:32:35,550 - sqlalchemy.engine.Engine - INFO - BEGIN (implicit)
2025-10-02 14:32:35,555 - sqlalchemy.engine.Engine - INFO - SELECT pg_catalog.pg_class.relname 
FROM pg_catalog.pg_class JOIN pg_catalog.pg_namespace ON pg_catalog.pg_namespace.oid = pg_catalog.pg_class.relnamespace 
WHERE pg_catalog.pg_class.relname = $1::VARCHAR AND pg_catalog.pg_class.relkind = ANY (ARRAY[$2::VARCHAR, $3::VARCHAR, $4::VARCHAR, $5::VARCHAR, $6::VARCHAR]) AND pg_catalog.pg_table_is_visible(pg_catalog.pg_class.oid) AND pg_catalog.pg_namespace.nspname != $7::VARCHAR
2025-10-02 14:32:35,555 - sqlalchemy.engine.Engine - INFO - [generated in 0.00073s] ('Attributes', 'r', 'p', 'f', 'v', 'm', 'pg_catalog')
2025-10-02 14:32:35,562 - sqlalchemy.engine.Engine - INFO - COMMIT
2025-10-02 14:32:35,563 - aiogram.dispatcher - INFO - Start polling
2025-10-02 14:32:35,605 - aiogram.dispatcher - INFO - Run polling for bot @parserboter_bot id=8322861815 - 'Parser_botan'
2025-10-02 14:32:36,731 - aiogram.event - INFO - Update id=10698439 is handled. Duration 218 ms by bot id=8322861815
2025-10-02 14:32:37,830 - aiogram.event - INFO - Update id=10698440 is handled. Duration 109 ms by bot id=8322861815
2025-10-02 14:32:45,348 - aiogram.event - INFO - Update id=10698441 is handled. Duration 313 ms by bot id=8322861815
2025-10-02 14:32:47,064 - aiogram.event - INFO - Update id=10698442 is handled. Duration 172 ms by bot id=8322861815
2025-10-02 14:32:49,177 - aiogram.event - INFO - Update id=10698443 is handled. Duration 141 ms by bot id=8322861815
2025-10-02 14:32:51,256 - aiogram.event - INFO - Update id=10698444 is handled. Duration 281 ms by bot id=8322861815
2025-10-02 14:32:53,189 - aiogram.event - INFO - Update id=10698445 is handled. Duration 110 ms by bot id=8322861815
2025-10-02 14:32:54,882 - sqlalchemy.engine.Engine - INFO - BEGIN (implicit)
2025-10-02 14:32:54,885 - sqlalchemy.engine.Engine - INFO - SELECT "Attributes".id, "Attributes".name, "Attributes".age, "Attributes".city, "Attributes".social_status, "Attributes".description, "Attributes".id_telegram_user, "Attributes".rating, "Attributes".messages, "Attributes".strikes, "Attributes".created, "Attributes".updated 
FROM "Attributes" 
WHERE "Attributes".id_telegram_user = $1::INTEGER
2025-10-02 14:32:54,885 - sqlalchemy.engine.Engine - INFO - [generated in 0.00049s] (853645691,)
2025-10-02 14:32:54,891 - sqlalchemy.engine.Engine - INFO - UPDATE "Attributes" SET name=$1::VARCHAR, age=$2::INTEGER, city=$3::VARCHAR, social_status=$4::VARCHAR, description=$5::VARCHAR, id_telegram_user=$6::INTEGER, rating=$7::INTEGER, messages=$8::INTEGER, strikes=$9::INTEGER, updated=now() WHERE "Attributes".id_telegram_user = $10::INTEGER
2025-10-02 14:32:54,892 - sqlalchemy.engine.Engine - INFO - [generated in 0.00082s] ('ukulele', 25, 'retert', 'hgtrhtrh', 'terggfref', 853645691, 0, 0, 0, 853645691)
2025-10-02 14:32:54,896 - sqlalchemy.engine.Engine - INFO - COMMIT
2025-10-02 14:32:54,975 - aiogram.event - INFO - Update id=10698446 is handled. Duration 93 ms by bot id=8322861815
